mode: set
github.com/obra/stockyard/pkg/shell/protocol.go:27.69,29.52 1 1
github.com/obra/stockyard/pkg/shell/protocol.go:29.52,31.3 1 0
github.com/obra/stockyard/pkg/shell/protocol.go:34.2,35.66 2 1
github.com/obra/stockyard/pkg/shell/protocol.go:35.66,37.3 1 0
github.com/obra/stockyard/pkg/shell/protocol.go:40.2,40.22 1 1
github.com/obra/stockyard/pkg/shell/protocol.go:40.22,41.45 1 1
github.com/obra/stockyard/pkg/shell/protocol.go:41.45,43.4 1 0
github.com/obra/stockyard/pkg/shell/protocol.go:46.2,46.12 1 1
github.com/obra/stockyard/pkg/shell/protocol.go:50.54,53.51 2 1
github.com/obra/stockyard/pkg/shell/protocol.go:53.51,55.3 1 1
github.com/obra/stockyard/pkg/shell/protocol.go:56.2,60.66 3 1
github.com/obra/stockyard/pkg/shell/protocol.go:60.66,62.3 1 0
github.com/obra/stockyard/pkg/shell/protocol.go:64.2,64.29 1 1
github.com/obra/stockyard/pkg/shell/protocol.go:64.29,66.3 1 1
github.com/obra/stockyard/pkg/shell/protocol.go:69.2,70.16 2 1
github.com/obra/stockyard/pkg/shell/protocol.go:70.16,71.52 1 1
github.com/obra/stockyard/pkg/shell/protocol.go:71.52,73.4 1 1
github.com/obra/stockyard/pkg/shell/protocol.go:76.2,76.30 1 1
github.com/obra/stockyard/pkg/shell/protocol.go:88.49,90.2 1 1
github.com/obra/stockyard/pkg/shell/protocol.go:92.52,94.2 1 1
github.com/obra/stockyard/pkg/shell/protocol.go:102.51,104.2 1 1
github.com/obra/stockyard/pkg/shell/protocol.go:106.54,108.2 1 1
github.com/obra/stockyard/pkg/shell/protocol.go:115.49,117.2 1 1
github.com/obra/stockyard/pkg/shell/protocol.go:119.52,121.2 1 1
github.com/obra/stockyard/pkg/shell/protocol.go:128.50,130.2 1 1
github.com/obra/stockyard/pkg/shell/protocol.go:132.53,134.2 1 1
github.com/obra/stockyard/pkg/shell/session.go:14.42,16.16 2 1
github.com/obra/stockyard/pkg/shell/session.go:16.16,18.3 1 1
github.com/obra/stockyard/pkg/shell/session.go:19.2,19.12 1 1
github.com/obra/stockyard/pkg/shell/session.go:34.74,35.47 1 0
github.com/obra/stockyard/pkg/shell/session.go:35.47,37.3 1 0
github.com/obra/stockyard/pkg/shell/session.go:41.2,51.16 4 0
github.com/obra/stockyard/pkg/shell/session.go:51.16,53.3 1 0
github.com/obra/stockyard/pkg/shell/session.go:55.2,59.8 1 0
github.com/obra/stockyard/pkg/shell/session.go:63.34,65.2 1 0
github.com/obra/stockyard/pkg/shell/session.go:68.48,72.14 3 0
github.com/obra/stockyard/pkg/shell/session.go:72.14,74.3 1 0
github.com/obra/stockyard/pkg/shell/session.go:76.2,79.4 1 0
github.com/obra/stockyard/pkg/shell/session.go:83.39,85.16 2 0
github.com/obra/stockyard/pkg/shell/session.go:85.16,86.47 1 0
github.com/obra/stockyard/pkg/shell/session.go:86.47,88.4 1 0
github.com/obra/stockyard/pkg/shell/session.go:89.3,89.17 1 0
github.com/obra/stockyard/pkg/shell/session.go:91.2,91.15 1 0
github.com/obra/stockyard/pkg/shell/session.go:95.33,99.14 3 0
github.com/obra/stockyard/pkg/shell/session.go:99.14,101.3 1 0
github.com/obra/stockyard/pkg/shell/session.go:102.2,104.22 2 0
github.com/obra/stockyard/pkg/shell/session.go:104.22,106.3 1 0
github.com/obra/stockyard/pkg/shell/session.go:108.2,108.42 1 0
github.com/obra/stockyard/pkg/shell/session.go:108.42,111.3 2 0
github.com/obra/stockyard/pkg/shell/session.go:113.2,113.12 1 0
